#-----------------------------------------------------------
# Vivado v2018.3 (64-bit)
# SW Build 2405991 on Thu Dec  6 23:38:27 MST 2018
# IP Build 2404404 on Fri Dec  7 01:43:56 MST 2018
# Start of session at: Tue Aug  4 16:50:07 2020
# Process ID: 3260
# Current directory: F:/Experiment_of_SEA/FPGA_Experimental_Project/Lab_4_4
# Command line: vivado.exe -gui_launcher_event rodinguilauncherevent10108 F:\Experiment_of_SEA\FPGA_Experimental_Project\Lab_4_4\Lab_4_4.xpr
# Log file: F:/Experiment_of_SEA/FPGA_Experimental_Project/Lab_4_4/vivado.log
# Journal file: F:/Experiment_of_SEA/FPGA_Experimental_Project/Lab_4_4\vivado.jou
#-----------------------------------------------------------
start_gui
open_project F:/Experiment_of_SEA/FPGA_Experimental_Project/Lab_4_4/Lab_4_4.xpr
Scanning sources...
Finished scanning sources
INFO: [IP_Flow 19-234] Refreshing IP repositories
INFO: [IP_Flow 19-1704] No user IP repositories specified
INFO: [IP_Flow 19-2313] Loaded Vivado IP repository 'E:/Xilinx/Vivado/2018.3/data/ip'.
open_project: Time (s): cpu = 00:00:16 ; elapsed = 00:00:09 . Memory (MB): peak = 651.543 ; gain = 76.656
update_compile_order -fileset sources_1
exit
INFO: [Common 17-206] Exiting Vivado at Tue Aug  4 16:56:56 2020...
