#-----------------------------------------------------------
# Vivado v2018.3 (64-bit)
# SW Build 2405991 on Thu Dec  6 23:38:27 MST 2018
# IP Build 2404404 on Fri Dec  7 01:43:56 MST 2018
# Start of session at: Tue Aug  4 16:57:03 2020
# Process ID: 10920
# Current directory: F:/Experiment_of_SEA/FPGA_Experimental_Project/Lab_4_4
# Command line: vivado.exe -gui_launcher_event rodinguilauncherevent9344 F:\Experiment_of_SEA\FPGA_Experimental_Project\Lab_4_4\Lab_4_4.xpr
# Log file: F:/Experiment_of_SEA/FPGA_Experimental_Project/Lab_4_4/vivado.log
# Journal file: F:/Experiment_of_SEA/FPGA_Experimental_Project/Lab_4_4\vivado.jou
#-----------------------------------------------------------
start_gui
open_project F:/Experiment_of_SEA/FPGA_Experimental_Project/Lab_4_4/Lab_4_4.xpr
Scanning sources...
Finished scanning sources
INFO: [IP_Flow 19-234] Refreshing IP repositories
INFO: [IP_Flow 19-1704] No user IP repositories specified
INFO: [IP_Flow 19-2313] Loaded Vivado IP repository 'E:/Xilinx/Vivado/2018.3/data/ip'.
open_project: Time (s): cpu = 00:00:19 ; elapsed = 00:00:10 . Memory (MB): peak = 674.406 ; gain = 85.512
update_compile_order -fileset sources_1
export_ip_user_files -of_objects  [get_files F:/Experiment_of_SEA/FPGA_Experimental_Project/Lab_4_4/Lab_4_4.srcs/sim_1/new/testBench.v] -no_script -reset -force -quiet
remove_files  -fileset sim_1 F:/Experiment_of_SEA/FPGA_Experimental_Project/Lab_4_4/Lab_4_4.srcs/sim_1/new/testBench.v
file delete -force F:/Experiment_of_SEA/FPGA_Experimental_Project/Lab_4_4/Lab_4_4.srcs/sim_1/new/testBench.v
set_property SOURCE_SET sources_1 [get_filesets sim_1]
close [ open F:/Experiment_of_SEA/FPGA_Experimental_Project/Lab_4_4/Lab_4_4.srcs/sim_1/new/Testbench.v w ]
add_files -fileset sim_1 F:/Experiment_of_SEA/FPGA_Experimental_Project/Lab_4_4/Lab_4_4.srcs/sim_1/new/Testbench.v
update_compile_order -fileset sim_1
update_compile_order -fileset sim_1
reset_run synth_1
launch_runs synth_1 -jobs 2
[Tue Aug  4 17:00:20 2020] Launched synth_1...
Run output will be captured here: F:/Experiment_of_SEA/FPGA_Experimental_Project/Lab_4_4/Lab_4_4.runs/synth_1/runme.log
launch_simulation
INFO: [Vivado 12-5682] Launching behavioral simulation in 'F:/Experiment_of_SEA/FPGA_Experimental_Project/Lab_4_4/Lab_4_4.sim/sim_1/behav/xsim'
INFO: [SIM-utils-51] Simulation object is 'sim_1'
INFO: [SIM-utils-54] Inspecting design source files for 'Testbench' in fileset 'sim_1'...
INFO: [USF-XSim-97] Finding global include files...
INFO: [USF-XSim-98] Fetching design files from 'sim_1'...
INFO: [USF-XSim-2] XSim::Compile design
INFO: [USF-XSim-61] Executing 'COMPILE and ANALYZE' step in 'F:/Experiment_of_SEA/FPGA_Experimental_Project/Lab_4_4/Lab_4_4.sim/sim_1/behav/xsim'
"xvlog --incr --relax -prj Testbench_vlog.prj"
INFO: [VRFC 10-2263] Analyzing Verilog file "F:/Experiment_of_SEA/FPGA_Experimental_Project/Lab_4_4/Lab_4_4.srcs/sources_1/new/Lab_4_4.v" into library xil_defaultlib
INFO: [VRFC 10-311] analyzing module Lab_4_4
INFO: [VRFC 10-2263] Analyzing Verilog file "F:/Experiment_of_SEA/FPGA_Experimental_Project/Lab_4_4/Lab_4_4.srcs/sim_1/new/Testbench.v" into library xil_defaultlib
INFO: [VRFC 10-311] analyzing module Testbench
INFO: [VRFC 10-2263] Analyzing Verilog file "F:/Experiment_of_SEA/FPGA_Experimental_Project/Lab_4_4/Lab_4_4.sim/sim_1/behav/xsim/glbl.v" into library xil_defaultlib
INFO: [VRFC 10-311] analyzing module glbl
run_program: Time (s): cpu = 00:00:00 ; elapsed = 00:00:05 . Memory (MB): peak = 723.293 ; gain = 0.000
INFO: [USF-XSim-69] 'compile' step finished in '5' seconds
INFO: [USF-XSim-3] XSim::Elaborate design
INFO: [USF-XSim-61] Executing 'ELABORATE' step in 'F:/Experiment_of_SEA/FPGA_Experimental_Project/Lab_4_4/Lab_4_4.sim/sim_1/behav/xsim'
Vivado Simulator 2018.3
Copyright 1986-1999, 2001-2018 Xilinx, Inc. All Rights Reserved.
Running: E:/Xilinx/Vivado/2018.3/bin/unwrapped/win64.o/xelab.exe -wto 6f3a8b8d2d94484e92f6895735afe372 --incr --debug typical --relax --mt 2 -L xil_defaultlib -L unisims_ver -L unimacro_ver -L secureip --snapshot Testbench_behav xil_defaultlib.Testbench xil_defaultlib.glbl -log elaborate.log 
Using 2 slave threads.
Starting static elaboration
Completed static elaboration
Starting simulation data flow analysis
Completed simulation data flow analysis
Time Resolution for simulation is 1ps
Compiling module xil_defaultlib.Lab_4_4
Compiling module xil_defaultlib.Testbench
Compiling module xil_defaultlib.glbl
Built simulation snapshot Testbench_behav

****** Webtalk v2018.3 (64-bit)
  **** SW Build 2405991 on Thu Dec  6 23:38:27 MST 2018
  **** IP Build 2404404 on Fri Dec  7 01:43:56 MST 2018
    ** Copyright 1986-2018 Xilinx, Inc. All Rights Reserved.

source F:/Experiment_of_SEA/FPGA_Experimental_Project/Lab_4_4/Lab_4_4.sim/sim_1/behav/xsim/xsim.dir/Testbench_behav/webtalk/xsim_webtalk.tcl -notrace
INFO: [Common 17-206] Exiting Webtalk at Tue Aug  4 17:01:53 2020...
run_program: Time (s): cpu = 00:00:01 ; elapsed = 00:00:11 . Memory (MB): peak = 723.293 ; gain = 0.000
INFO: [USF-XSim-69] 'elaborate' step finished in '10' seconds
INFO: [USF-XSim-4] XSim::Simulate design
INFO: [USF-XSim-61] Executing 'SIMULATE' step in 'F:/Experiment_of_SEA/FPGA_Experimental_Project/Lab_4_4/Lab_4_4.sim/sim_1/behav/xsim'
INFO: [USF-XSim-98] *** Running xsim
   with args "Testbench_behav -key {Behavioral:sim_1:Functional:Testbench} -tclbatch {Testbench.tcl} -log {simulate.log}"
INFO: [USF-XSim-8] Loading simulator feature
Vivado Simulator 2018.3
Time resolution is 1 ps
source Testbench.tcl
# set curr_wave [current_wave_config]
# if { [string length $curr_wave] == 0 } {
#   if { [llength [get_objects]] > 0} {
#     add_wave /
#     set_property needs_save false [current_wave_config]
#   } else {
#      send_msg_id Add_Wave-1 WARNING "No top level signals found. Simulator will start without a wave window. If you want to open a wave window go to 'File->New Waveform Configuration' or type 'create_wave_config' in the TCL console."
#   }
# }
# run 1000ns
INFO: [USF-XSim-96] XSim completed. Design snapshot 'Testbench_behav' loaded.
INFO: [USF-XSim-97] XSim simulation ran for 1000ns
launch_simulation: Time (s): cpu = 00:00:10 ; elapsed = 00:00:22 . Memory (MB): peak = 749.184 ; gain = 25.891
restart
INFO: [Simtcl 6-17] Simulation restarted
relaunch_sim
INFO: [Vivado 12-5682] Launching behavioral simulation in 'F:/Experiment_of_SEA/FPGA_Experimental_Project/Lab_4_4/Lab_4_4.sim/sim_1/behav/xsim'
INFO: [SIM-utils-51] Simulation object is 'sim_1'
INFO: [SIM-utils-54] Inspecting design source files for 'Testbench' in fileset 'sim_1'...
INFO: [USF-XSim-97] Finding global include files...
INFO: [USF-XSim-98] Fetching design files from 'sim_1'...
INFO: [USF-XSim-2] XSim::Compile design
INFO: [USF-XSim-61] Executing 'COMPILE and ANALYZE' step in 'F:/Experiment_of_SEA/FPGA_Experimental_Project/Lab_4_4/Lab_4_4.sim/sim_1/behav/xsim'
"xvlog --incr --relax -prj Testbench_vlog.prj"
INFO: [USF-XSim-69] 'compile' step finished in '1' seconds
INFO: [Vivado 12-5682] Launching behavioral simulation in 'F:/Experiment_of_SEA/FPGA_Experimental_Project/Lab_4_4/Lab_4_4.sim/sim_1/behav/xsim'
INFO: [USF-XSim-3] XSim::Elaborate design
INFO: [USF-XSim-61] Executing 'ELABORATE' step in 'F:/Experiment_of_SEA/FPGA_Experimental_Project/Lab_4_4/Lab_4_4.sim/sim_1/behav/xsim'
Vivado Simulator 2018.3
Copyright 1986-1999, 2001-2018 Xilinx, Inc. All Rights Reserved.
Running: E:/Xilinx/Vivado/2018.3/bin/unwrapped/win64.o/xelab.exe -wto 6f3a8b8d2d94484e92f6895735afe372 --incr --debug typical --relax --mt 2 -L xil_defaultlib -L unisims_ver -L unimacro_ver -L secureip --snapshot Testbench_behav xil_defaultlib.Testbench xil_defaultlib.glbl -log elaborate.log 
Using 2 slave threads.
Starting static elaboration
Completed static elaboration
INFO: [XSIM 43-4323] No Change in HDL. Linking previously generated obj files to create kernel
INFO: [USF-XSim-69] 'elaborate' step finished in '1' seconds
Vivado Simulator 2018.3
Time resolution is 1 ps
relaunch_sim: Time (s): cpu = 00:00:02 ; elapsed = 00:00:09 . Memory (MB): peak = 749.184 ; gain = 0.000
close_sim
INFO: [Simtcl 6-16] Simulation closed
file mkdir F:/Experiment_of_SEA/FPGA_Experimental_Project/Lab_4_4/Lab_4_4.srcs/constrs_1
file mkdir F:/Experiment_of_SEA/FPGA_Experimental_Project/Lab_4_4/Lab_4_4.srcs/constrs_1/new
close [ open F:/Experiment_of_SEA/FPGA_Experimental_Project/Lab_4_4/Lab_4_4.srcs/constrs_1/new/system.xdc w ]
add_files -fileset constrs_1 F:/Experiment_of_SEA/FPGA_Experimental_Project/Lab_4_4/Lab_4_4.srcs/constrs_1/new/system.xdc
reset_run synth_1
launch_runs impl_1 -jobs 2
[Tue Aug  4 17:16:15 2020] Launched synth_1...
Run output will be captured here: F:/Experiment_of_SEA/FPGA_Experimental_Project/Lab_4_4/Lab_4_4.runs/synth_1/runme.log
[Tue Aug  4 17:16:15 2020] Launched impl_1...
Run output will be captured here: F:/Experiment_of_SEA/FPGA_Experimental_Project/Lab_4_4/Lab_4_4.runs/impl_1/runme.log
launch_runs impl_1 -to_step write_bitstream -jobs 2
[Tue Aug  4 17:19:19 2020] Launched impl_1...
Run output will be captured here: F:/Experiment_of_SEA/FPGA_Experimental_Project/Lab_4_4/Lab_4_4.runs/impl_1/runme.log
exit
INFO: [Common 17-206] Exiting Vivado at Tue Aug  4 17:20:33 2020...
