#-----------------------------------------------------------
# Vivado v2018.3 (64-bit)
# SW Build 2405991 on Thu Dec  6 23:38:27 MST 2018
# IP Build 2404404 on Fri Dec  7 01:43:56 MST 2018
# Start of session at: Tue Aug  4 16:40:26 2020
# Process ID: 9988
# Current directory: H:/Lab_4_2
# Command line: vivado.exe -gui_launcher_event rodinguilauncherevent2576 H:\Lab_4_2\Lab_4_2.xpr
# Log file: H:/Lab_4_2/vivado.log
# Journal file: H:/Lab_4_2\vivado.jou
#-----------------------------------------------------------
start_gui
open_project H:/Lab_4_2/Lab_4_2.xpr
INFO: [Project 1-313] Project file moved from 'F:/Experiment_of_SEA/FPGA_Experimental_Project/Lab_4_2' since last save.
Scanning sources...
Finished scanning sources
INFO: [IP_Flow 19-234] Refreshing IP repositories
INFO: [IP_Flow 19-1704] No user IP repositories specified
INFO: [IP_Flow 19-2313] Loaded Vivado IP repository 'E:/Xilinx/Vivado/2018.3/data/ip'.
open_project: Time (s): cpu = 00:00:17 ; elapsed = 00:00:08 . Memory (MB): peak = 745.125 ; gain = 161.289
update_compile_order -fileset sources_1
reset_run synth_1
launch_runs synth_1 -jobs 2
[Tue Aug  4 16:42:11 2020] Launched synth_1...
Run output will be captured here: H:/Lab_4_2/Lab_4_2.runs/synth_1/runme.log
launch_simulation
INFO: [Vivado 12-5682] Launching behavioral simulation in 'H:/Lab_4_2/Lab_4_2.sim/sim_1/behav/xsim'
INFO: [SIM-utils-51] Simulation object is 'sim_1'
INFO: [SIM-utils-54] Inspecting design source files for 'Testbench' in fileset 'sim_1'...
INFO: [USF-XSim-97] Finding global include files...
INFO: [USF-XSim-98] Fetching design files from 'sim_1'...
INFO: [USF-XSim-2] XSim::Compile design
INFO: [USF-XSim-61] Executing 'COMPILE and ANALYZE' step in 'H:/Lab_4_2/Lab_4_2.sim/sim_1/behav/xsim'
"xvlog --incr --relax -prj Testbench_vlog.prj"
INFO: [VRFC 10-2263] Analyzing Verilog file "H:/Lab_4_2/Lab_4_2.srcs/sources_1/new/Lab_4_2.v" into library xil_defaultlib
INFO: [VRFC 10-311] analyzing module Lab_4_2
INFO: [VRFC 10-2263] Analyzing Verilog file "H:/Lab_4_2/Lab_4_2.srcs/sim_1/new/Testbench.v" into library xil_defaultlib
INFO: [VRFC 10-311] analyzing module Testbench
INFO: [VRFC 10-2263] Analyzing Verilog file "H:/Lab_4_2/Lab_4_2.sim/sim_1/behav/xsim/glbl.v" into library xil_defaultlib
INFO: [VRFC 10-311] analyzing module glbl
INFO: [USF-XSim-69] 'compile' step finished in '2' seconds
INFO: [USF-XSim-3] XSim::Elaborate design
INFO: [USF-XSim-61] Executing 'ELABORATE' step in 'H:/Lab_4_2/Lab_4_2.sim/sim_1/behav/xsim'
Vivado Simulator 2018.3
Copyright 1986-1999, 2001-2018 Xilinx, Inc. All Rights Reserved.
Running: E:/Xilinx/Vivado/2018.3/bin/unwrapped/win64.o/xelab.exe -wto bb77ec9c93c143028c45b9da70ff6b27 --incr --debug typical --relax --mt 2 -L xil_defaultlib -L unisims_ver -L unimacro_ver -L secureip --snapshot Testbench_behav xil_defaultlib.Testbench xil_defaultlib.glbl -log elaborate.log 
Using 2 slave threads.
Starting static elaboration
Completed static elaboration
Starting simulation data flow analysis
Completed simulation data flow analysis
Time Resolution for simulation is 1ps
Compiling module xil_defaultlib.Lab_4_2
Compiling module xil_defaultlib.Testbench
Compiling module xil_defaultlib.glbl
Built simulation snapshot Testbench_behav

****** Webtalk v2018.3 (64-bit)
  **** SW Build 2405991 on Thu Dec  6 23:38:27 MST 2018
  **** IP Build 2404404 on Fri Dec  7 01:43:56 MST 2018
    ** Copyright 1986-2018 Xilinx, Inc. All Rights Reserved.

source H:/Lab_4_2/Lab_4_2.sim/sim_1/behav/xsim/xsim.dir/Testbench_behav/webtalk/xsim_webtalk.tcl -notrace
INFO: [Common 17-206] Exiting Webtalk at Tue Aug  4 16:43:21 2020...
run_program: Time (s): cpu = 00:00:01 ; elapsed = 00:00:06 . Memory (MB): peak = 745.125 ; gain = 0.000
INFO: [USF-XSim-69] 'elaborate' step finished in '6' seconds
INFO: [USF-XSim-4] XSim::Simulate design
INFO: [USF-XSim-61] Executing 'SIMULATE' step in 'H:/Lab_4_2/Lab_4_2.sim/sim_1/behav/xsim'
INFO: [USF-XSim-98] *** Running xsim
   with args "Testbench_behav -key {Behavioral:sim_1:Functional:Testbench} -tclbatch {Testbench.tcl} -log {simulate.log}"
INFO: [USF-XSim-8] Loading simulator feature
Vivado Simulator 2018.3
Time resolution is 1 ps
source Testbench.tcl
# set curr_wave [current_wave_config]
# if { [string length $curr_wave] == 0 } {
#   if { [llength [get_objects]] > 0} {
#     add_wave /
#     set_property needs_save false [current_wave_config]
#   } else {
#      send_msg_id Add_Wave-1 WARNING "No top level signals found. Simulator will start without a wave window. If you want to open a wave window go to 'File->New Waveform Configuration' or type 'create_wave_config' in the TCL console."
#   }
# }
# run 1000ns
xsim: Time (s): cpu = 00:00:10 ; elapsed = 00:00:05 . Memory (MB): peak = 765.363 ; gain = 20.238
INFO: [USF-XSim-96] XSim completed. Design snapshot 'Testbench_behav' loaded.
INFO: [USF-XSim-97] XSim simulation ran for 1000ns
launch_simulation: Time (s): cpu = 00:00:13 ; elapsed = 00:00:15 . Memory (MB): peak = 765.363 ; gain = 20.238
close_sim
INFO: [Simtcl 6-16] Simulation closed
launch_runs impl_1 -jobs 2
[Tue Aug  4 16:43:50 2020] Launched impl_1...
Run output will be captured here: H:/Lab_4_2/Lab_4_2.runs/impl_1/runme.log
launch_runs impl_1 -to_step write_bitstream -jobs 2
[Tue Aug  4 16:45:29 2020] Launched impl_1...
Run output will be captured here: H:/Lab_4_2/Lab_4_2.runs/impl_1/runme.log
exit
INFO: [Common 17-206] Exiting Vivado at Tue Aug  4 16:49:23 2020...
